<?xml version="1.0" encoding="UTF-8"?>
<!-- Generated by org.testng.reporters.JUnitXMLReporter -->
<testsuite ignored="0" hostname="DESKTOP-16BLF8J" failures="0" tests="16" name="Default test" time="150.322" errors="0" timestamp="2024-03-21T11:38:52 IST">
  <testcase classname="Task1.Task1.AppTest" name="open_browser" time="2.952"/>
  <testcase classname="Task1.Task1.AppTest" name="login" time="1.568"/>
  <testcase classname="Task1.Task1.AppTest" name="personal_profile" time="9.676"/>
  <testcase classname="Task1.Task1.AppTest" name="personal_profile_change" time="4.095"/>
  <testcase classname="Task1.Task1.AppTest" name="personal_profile_change" time="2.906"/>
  <testcase classname="Task1.Task1.AppTest" name="personal_profile_change" time="3.316"/>
  <testcase classname="Task1.Task1.AppTest" name="personal_profile_change" time="3.008"/>
  <testcase classname="Task1.Task1.AppTest" name="personal_profile_change" time="3.07"/>
  <testcase classname="Task1.Task1.AppTest" name="carrier_profile_change" time="19.884"/>
  <testcase classname="Task1.Task1.AppTest" name="carrier_profile_change" time="19.81"/>
  <testcase classname="Task1.Task1.AppTest" name="carrier_profile_change" time="19.648"/>
  <testcase classname="Task1.Task1.AppTest" name="carrier_profile_change" time="19.663"/>
  <testcase classname="Task1.Task1.AppTest" name="carrier_profile_change" time="19.623"/>
  <testcase classname="Task1.Task1.AppTest" name="goHome" time="4.775"/>
  <testcase classname="Task1.Task1.AppTest" name="exploreBlog" time="9.751"/>
  <testcase classname="Task1.Task1.AppTest" name="logout" time="6.088"/>
</testsuite> <!-- Default test -->
