<?xml version="1.0" encoding="UTF-8"?>
<testng-results ignored="0" total="16" passed="16" failed="0" skipped="0">
  <reporter-output>
    <line>
      <![CDATA[Start Browser Executed]]>
    </line>
    <line>
      <![CDATA[Login Executed]]>
    </line>
    <line>
      <![CDATA[Go to profile Executed]]>
    </line>
    <line>
      <![CDATA[Personal Profile details Change Executed]]>
    </line>
    <line>
      <![CDATA[Personal Profile details Change Executed]]>
    </line>
    <line>
      <![CDATA[Personal Profile details Change Executed]]>
    </line>
    <line>
      <![CDATA[Personal Profile details Change Executed]]>
    </line>
    <line>
      <![CDATA[Personal Profile details Change Executed]]>
    </line>
    <line>
      <![CDATA[Go to Carrier Profile Executed]]>
    </line>
    <line>
      <![CDATA[Professional details Change Executed]]>
    </line>
    <line>
      <![CDATA[Go to Carrier Profile Executed]]>
    </line>
    <line>
      <![CDATA[Professional details Change Executed]]>
    </line>
    <line>
      <![CDATA[Go to Carrier Profile Executed]]>
    </line>
    <line>
      <![CDATA[Professional details Change Executed]]>
    </line>
    <line>
      <![CDATA[Go to Carrier Profile Executed]]>
    </line>
    <line>
      <![CDATA[Professional details Change Executed]]>
    </line>
    <line>
      <![CDATA[Go to Carrier Profile Executed]]>
    </line>
    <line>
      <![CDATA[Professional details Change Executed]]>
    </line>
    <line>
      <![CDATA[Log Out Executed]]>
    </line>
  </reporter-output>
  <suite started-at="2024-03-21T11:36:22 IST" name="Default suite" finished-at="2024-03-21T11:38:52 IST" duration-ms="150322">
    <groups>
    </groups>
    <test started-at="2024-03-21T11:36:22 IST" name="Default test" finished-at="2024-03-21T11:38:52 IST" duration-ms="150322">
      <class name="Task1.Task1.AppTest">
        <test-method signature="open_browser()[pri:1, instance:Task1.Task1.AppTest@8f4ea7c]" started-at="2024-03-21T11:36:22 IST" name="open_browser" finished-at="2024-03-21T11:36:25 IST" duration-ms="2952" status="PASS">
          <reporter-output>
            <line>
              <![CDATA[Start Browser Executed]]>
            </line>
          </reporter-output>
        </test-method> <!-- open_browser -->
        <test-method signature="login()[pri:0, instance:Task1.Task1.AppTest@8f4ea7c]" started-at="2024-03-21T11:36:25 IST" name="login" finished-at="2024-03-21T11:36:26 IST" depends-on-methods="Task1.Task1.AppTest.open_browser" duration-ms="1568" status="PASS">
          <reporter-output>
            <line>
              <![CDATA[Login Executed]]>
            </line>
          </reporter-output>
        </test-method> <!-- login -->
        <test-method signature="personal_profile()[pri:0, instance:Task1.Task1.AppTest@8f4ea7c]" started-at="2024-03-21T11:36:26 IST" name="personal_profile" finished-at="2024-03-21T11:36:36 IST" depends-on-methods="Task1.Task1.AppTest.login" duration-ms="9676" status="PASS">
          <reporter-output>
            <line>
              <![CDATA[Go to profile Executed]]>
            </line>
          </reporter-output>
        </test-method> <!-- personal_profile -->
        <test-method signature="personal_profile_change(java.lang.String,java.lang.String,java.lang.String,java.lang.String)[pri:0, instance:Task1.Task1.AppTest@8f4ea7c]" started-at="2024-03-21T11:36:37 IST" name="personal_profile_change" data-provider="testingdata" finished-at="2024-03-21T11:36:41 IST" depends-on-methods="Task1.Task1.AppTest.personal_profile" duration-ms="4095" status="PASS">
          <params>
            <param index="0">
              <value>
                <![CDATA[Worldlinetraining]]>
              </value>
            </param>
            <param index="1">
              <value>
                <![CDATA[2-4 years]]>
              </value>
            </param>
            <param index="2">
              <value>
                <![CDATA[BPO / Call Centre / ITES]]>
              </value>
            </param>
            <param index="3">
              <value>
                <![CDATA[Manager]]>
              </value>
            </param>
          </params>
          <reporter-output>
            <line>
              <![CDATA[Personal Profile details Change Executed]]>
            </line>
          </reporter-output>
        </test-method> <!-- personal_profile_change -->
        <test-method signature="personal_profile_change(java.lang.String,java.lang.String,java.lang.String,java.lang.String)[pri:0, instance:Task1.Task1.AppTest@8f4ea7c]" started-at="2024-03-21T11:36:41 IST" name="personal_profile_change" data-provider="testingdata" finished-at="2024-03-21T11:36:44 IST" depends-on-methods="Task1.Task1.AppTest.personal_profile" duration-ms="2906" status="PASS">
          <params>
            <param index="0">
              <value>
                <![CDATA[World]]>
              </value>
            </param>
            <param index="1">
              <value>
                <![CDATA[4-7 years]]>
              </value>
            </param>
            <param index="2">
              <value>
                <![CDATA[Advertising / PR / MR / Event Management]]>
              </value>
            </param>
            <param index="3">
              <value>
                <![CDATA[Assistant Manager]]>
              </value>
            </param>
          </params>
          <reporter-output>
            <line>
              <![CDATA[Personal Profile details Change Executed]]>
            </line>
          </reporter-output>
        </test-method> <!-- personal_profile_change -->
        <test-method signature="personal_profile_change(java.lang.String,java.lang.String,java.lang.String,java.lang.String)[pri:0, instance:Task1.Task1.AppTest@8f4ea7c]" started-at="2024-03-21T11:36:44 IST" name="personal_profile_change" data-provider="testingdata" finished-at="2024-03-21T11:36:47 IST" depends-on-methods="Task1.Task1.AppTest.personal_profile" duration-ms="3316" status="PASS">
          <params>
            <param index="0">
              <value>
                <![CDATA[line]]>
              </value>
            </param>
            <param index="1">
              <value>
                <![CDATA[7-10 years]]>
              </value>
            </param>
            <param index="2">
              <value>
                <![CDATA[Automobile / Auto Anciliary / Auto Components]]>
              </value>
            </param>
            <param index="3">
              <value>
                <![CDATA[CEO]]>
              </value>
            </param>
          </params>
          <reporter-output>
            <line>
              <![CDATA[Personal Profile details Change Executed]]>
            </line>
          </reporter-output>
        </test-method> <!-- personal_profile_change -->
        <test-method signature="personal_profile_change(java.lang.String,java.lang.String,java.lang.String,java.lang.String)[pri:0, instance:Task1.Task1.AppTest@8f4ea7c]" started-at="2024-03-21T11:36:47 IST" name="personal_profile_change" data-provider="testingdata" finished-at="2024-03-21T11:36:50 IST" depends-on-methods="Task1.Task1.AppTest.personal_profile" duration-ms="3008" status="PASS">
          <params>
            <param index="0">
              <value>
                <![CDATA[training]]>
              </value>
            </param>
            <param index="1">
              <value>
                <![CDATA[10-15 years]]>
              </value>
            </param>
            <param index="2">
              <value>
                <![CDATA[Banking / Financial Services / Broking]]>
              </value>
            </param>
            <param index="3">
              <value>
                <![CDATA[Engineer]]>
              </value>
            </param>
          </params>
          <reporter-output>
            <line>
              <![CDATA[Personal Profile details Change Executed]]>
            </line>
          </reporter-output>
        </test-method> <!-- personal_profile_change -->
        <test-method signature="personal_profile_change(java.lang.String,java.lang.String,java.lang.String,java.lang.String)[pri:0, instance:Task1.Task1.AppTest@8f4ea7c]" started-at="2024-03-21T11:36:50 IST" name="personal_profile_change" data-provider="testingdata" finished-at="2024-03-21T11:36:53 IST" depends-on-methods="Task1.Task1.AppTest.personal_profile" duration-ms="3070" status="PASS">
          <params>
            <param index="0">
              <value>
                <![CDATA[Worldline]]>
              </value>
            </param>
            <param index="1">
              <value>
                <![CDATA[>15 years]]>
              </value>
            </param>
            <param index="2">
              <value>
                <![CDATA[Consulting]]>
              </value>
            </param>
            <param index="3">
              <value>
                <![CDATA[Manager]]>
              </value>
            </param>
          </params>
          <reporter-output>
            <line>
              <![CDATA[Personal Profile details Change Executed]]>
            </line>
          </reporter-output>
        </test-method> <!-- personal_profile_change -->
        <test-method signature="carrier_profile_change(java.lang.String,java.lang.String,java.lang.String,java.lang.String,java.lang.String,java.lang.String,java.lang.String,java.lang.String)[pri:0, instance:Task1.Task1.AppTest@8f4ea7c]" started-at="2024-03-21T11:36:53 IST" name="carrier_profile_change" data-provider="testingdata2" finished-at="2024-03-21T11:37:13 IST" depends-on-methods="Task1.Task1.AppTest.personal_profile_change" duration-ms="19884" status="PASS">
          <params>
            <param index="0">
              <value>
                <![CDATA[Worldlinetraining]]>
              </value>
            </param>
            <param index="1">
              <value>
                <![CDATA[Entry Level]]>
              </value>
            </param>
            <param index="2">
              <value>
                <![CDATA[BPO / Call Centre / ITES]]>
              </value>
            </param>
            <param index="3">
              <value>
                <![CDATA[Manager]]>
              </value>
            </param>
            <param index="4">
              <value>
                <![CDATA[Project Management]]>
              </value>
            </param>
            <param index="5">
              <value>
                <![CDATA[Contract]]>
              </value>
            </param>
            <param index="6">
              <value>
                <![CDATA[3-5 LPA]]>
              </value>
            </param>
            <param index="7">
              <value>
                <![CDATA[Chennai]]>
              </value>
            </param>
          </params>
          <reporter-output>
            <line>
              <![CDATA[Go to Carrier Profile Executed]]>
            </line>
            <line>
              <![CDATA[Professional details Change Executed]]>
            </line>
          </reporter-output>
        </test-method> <!-- carrier_profile_change -->
        <test-method signature="carrier_profile_change(java.lang.String,java.lang.String,java.lang.String,java.lang.String,java.lang.String,java.lang.String,java.lang.String,java.lang.String)[pri:0, instance:Task1.Task1.AppTest@8f4ea7c]" started-at="2024-03-21T11:37:13 IST" name="carrier_profile_change" data-provider="testingdata2" finished-at="2024-03-21T11:37:33 IST" depends-on-methods="Task1.Task1.AppTest.personal_profile_change" duration-ms="19810" status="PASS">
          <params>
            <param index="0">
              <value>
                <![CDATA[Worldline]]>
              </value>
            </param>
            <param index="1">
              <value>
                <![CDATA[Mid Management]]>
              </value>
            </param>
            <param index="2">
              <value>
                <![CDATA[Advertising / PR / MR / Event Management]]>
              </value>
            </param>
            <param index="3">
              <value>
                <![CDATA[Assistance Manager]]>
              </value>
            </param>
            <param index="4">
              <value>
                <![CDATA[Business Intelligence and Visualization]]>
              </value>
            </param>
            <param index="5">
              <value>
                <![CDATA[Permanent]]>
              </value>
            </param>
            <param index="6">
              <value>
                <![CDATA[5-10 LPA]]>
              </value>
            </param>
            <param index="7">
              <value>
                <![CDATA[Bangalore]]>
              </value>
            </param>
          </params>
          <reporter-output>
            <line>
              <![CDATA[Go to Carrier Profile Executed]]>
            </line>
            <line>
              <![CDATA[Professional details Change Executed]]>
            </line>
          </reporter-output>
        </test-method> <!-- carrier_profile_change -->
        <test-method signature="carrier_profile_change(java.lang.String,java.lang.String,java.lang.String,java.lang.String,java.lang.String,java.lang.String,java.lang.String,java.lang.String)[pri:0, instance:Task1.Task1.AppTest@8f4ea7c]" started-at="2024-03-21T11:37:33 IST" name="carrier_profile_change" data-provider="testingdata2" finished-at="2024-03-21T11:37:52 IST" depends-on-methods="Task1.Task1.AppTest.personal_profile_change" duration-ms="19648" status="PASS">
          <params>
            <param index="0">
              <value>
                <![CDATA[World]]>
              </value>
            </param>
            <param index="1">
              <value>
                <![CDATA[Senior Management]]>
              </value>
            </param>
            <param index="2">
              <value>
                <![CDATA[Automobile / Auto Anciliary / Auto Components]]>
              </value>
            </param>
            <param index="3">
              <value>
                <![CDATA[CEO]]>
              </value>
            </param>
            <param index="4">
              <value>
                <![CDATA[Project Management]]>
              </value>
            </param>
            <param index="5">
              <value>
                <![CDATA[Both]]>
              </value>
            </param>
            <param index="6">
              <value>
                <![CDATA[10-15 LPA]]>
              </value>
            </param>
            <param index="7">
              <value>
                <![CDATA[Pune]]>
              </value>
            </param>
          </params>
          <reporter-output>
            <line>
              <![CDATA[Go to Carrier Profile Executed]]>
            </line>
            <line>
              <![CDATA[Professional details Change Executed]]>
            </line>
          </reporter-output>
        </test-method> <!-- carrier_profile_change -->
        <test-method signature="carrier_profile_change(java.lang.String,java.lang.String,java.lang.String,java.lang.String,java.lang.String,java.lang.String,java.lang.String,java.lang.String)[pri:0, instance:Task1.Task1.AppTest@8f4ea7c]" started-at="2024-03-21T11:37:52 IST" name="carrier_profile_change" data-provider="testingdata2" finished-at="2024-03-21T11:38:12 IST" depends-on-methods="Task1.Task1.AppTest.personal_profile_change" duration-ms="19663" status="PASS">
          <params>
            <param index="0">
              <value>
                <![CDATA[Line]]>
              </value>
            </param>
            <param index="1">
              <value>
                <![CDATA[Top/Executive Management]]>
              </value>
            </param>
            <param index="2">
              <value>
                <![CDATA[Banking / Financial Services / Broking]]>
              </value>
            </param>
            <param index="3">
              <value>
                <![CDATA[Engineer]]>
              </value>
            </param>
            <param index="4">
              <value>
                <![CDATA[Blockchain]]>
              </value>
            </param>
            <param index="5">
              <value>
                <![CDATA[Contract]]>
              </value>
            </param>
            <param index="6">
              <value>
                <![CDATA[15-25 LPA]]>
              </value>
            </param>
            <param index="7">
              <value>
                <![CDATA[Mumbai]]>
              </value>
            </param>
          </params>
          <reporter-output>
            <line>
              <![CDATA[Go to Carrier Profile Executed]]>
            </line>
            <line>
              <![CDATA[Professional details Change Executed]]>
            </line>
          </reporter-output>
        </test-method> <!-- carrier_profile_change -->
        <test-method signature="carrier_profile_change(java.lang.String,java.lang.String,java.lang.String,java.lang.String,java.lang.String,java.lang.String,java.lang.String,java.lang.String)[pri:0, instance:Task1.Task1.AppTest@8f4ea7c]" started-at="2024-03-21T11:38:12 IST" name="carrier_profile_change" data-provider="testingdata2" finished-at="2024-03-21T11:38:32 IST" depends-on-methods="Task1.Task1.AppTest.personal_profile_change" duration-ms="19623" status="PASS">
          <params>
            <param index="0">
              <value>
                <![CDATA[Training]]>
              </value>
            </param>
            <param index="1">
              <value>
                <![CDATA[Not Applicable - Fresher]]>
              </value>
            </param>
            <param index="2">
              <value>
                <![CDATA[Consulting]]>
              </value>
            </param>
            <param index="3">
              <value>
                <![CDATA[Consulting]]>
              </value>
            </param>
            <param index="4">
              <value>
                <![CDATA[Data Warehousing and ETL]]>
              </value>
            </param>
            <param index="5">
              <value>
                <![CDATA[Permanent]]>
              </value>
            </param>
            <param index="6">
              <value>
                <![CDATA[25-40 LPA]]>
              </value>
            </param>
            <param index="7">
              <value>
                <![CDATA[Delhi]]>
              </value>
            </param>
          </params>
          <reporter-output>
            <line>
              <![CDATA[Go to Carrier Profile Executed]]>
            </line>
            <line>
              <![CDATA[Professional details Change Executed]]>
            </line>
          </reporter-output>
        </test-method> <!-- carrier_profile_change -->
        <test-method signature="goHome()[pri:0, instance:Task1.Task1.AppTest@8f4ea7c]" started-at="2024-03-21T11:38:32 IST" name="goHome" finished-at="2024-03-21T11:38:36 IST" depends-on-methods="Task1.Task1.AppTest.carrier_profile_change" duration-ms="4775" status="PASS">
          <reporter-output>
          </reporter-output>
        </test-method> <!-- goHome -->
        <test-method signature="exploreBlog()[pri:0, instance:Task1.Task1.AppTest@8f4ea7c]" started-at="2024-03-21T11:38:36 IST" name="exploreBlog" finished-at="2024-03-21T11:38:46 IST" depends-on-methods="Task1.Task1.AppTest.goHome" duration-ms="9751" status="PASS">
          <reporter-output>
          </reporter-output>
        </test-method> <!-- exploreBlog -->
        <test-method signature="logout()[pri:0, instance:Task1.Task1.AppTest@8f4ea7c]" started-at="2024-03-21T11:38:46 IST" name="logout" finished-at="2024-03-21T11:38:52 IST" depends-on-methods="Task1.Task1.AppTest.exploreBlog" duration-ms="6088" status="PASS">
          <reporter-output>
            <line>
              <![CDATA[Log Out Executed]]>
            </line>
          </reporter-output>
        </test-method> <!-- logout -->
      </class> <!-- Task1.Task1.AppTest -->
    </test> <!-- Default test -->
  </suite> <!-- Default suite -->
</testng-results>
